Build started 5/15/2016 9:00:17 PM.
     1>Project "C:\Users\Jason\Documents\Visual Studio 2010\Projects\Aard\Aard\Aard.vcxproj" on node 2 (build target(s)).
     1>InitializeBuildStatus:
         Creating "Debug\Aard.unsuccessfulbuild" because "AlwaysCreate" was specified.
       ClCompile:
         C:\Program Files (x86)\Microsoft Visual Studio 10.0\VC\bin\CL.exe /c /ZI /nologo /W3 /WX- /Od /Oy- /D _MBCS /Gm /EHsc /RTC1 /MDd /GS /fp:precise /Zc:wchar_t /Zc:forScope /Fo"Debug\\" /Fd"Debug\vc100.pdb" /Gd /TP /analyze- /errorReport:prompt sprite.c
         sprite.c
     1>c:\program files (x86)\microsoft visual studio 10.0\vc\include\math.h(632): warning C4005: 'M_PI' : macro redefinition
                 c:\vs_dev_lib\sdl2-2.0.4\include\sdl_stdinc.h(436) : see previous definition of 'M_PI'
     1>c:\users\jason\documents\visual studio 2010\projects\aard\aard\vector.h(68): warning C4005: 'MAX' : macro redefinition
                 c:\users\jason\desktop\aard-gts\libraries\glib-2.28\include\glib-2.0\glib\gmacros.h(198) : see previous definition of 'MAX'
     1>c:\users\jason\documents\visual studio 2010\projects\aard\aard\vector.h(69): warning C4005: 'MIN' : macro redefinition
                 c:\users\jason\desktop\aard-gts\libraries\glib-2.28\include\glib-2.0\glib\gmacros.h(201) : see previous definition of 'MIN'
     1>c:\users\jason\documents\visual studio 2010\projects\aard\aard\sprite.c(20): warning C4101: 'j' : unreferenced local variable
     1>c:\users\jason\documents\visual studio 2010\projects\aard\aard\sprite.c(42): warning C4101: 'j' : unreferenced local variable
     1>c:\users\jason\documents\visual studio 2010\projects\aard\aard\sprite.c(64): warning C4996: 'strcpy': This function or variable may be unsafe. Consider using strcpy_s instead. To disable deprecation, use _CRT_SECURE_NO_WARNINGS. See online help for details.
                 c:\program files (x86)\microsoft visual studio 10.0\vc\include\string.h(105) : see declaration of 'strcpy'
     1>c:\users\jason\documents\visual studio 2010\projects\aard\aard\sprite.c(53): warning C4101: 'i' : unreferenced local variable
     1>c:\users\jason\documents\visual studio 2010\projects\aard\aard\sprite.c(113): warning C4996: 'strncpy': This function or variable may be unsafe. Consider using strncpy_s instead. To disable deprecation, use _CRT_SECURE_NO_WARNINGS. See online help for details.
                 c:\program files (x86)\microsoft visual studio 10.0\vc\include\string.h(188) : see declaration of 'strncpy'
     1>c:\users\jason\documents\visual studio 2010\projects\aard\aard\sprite.c(140): warning C4018: '>' : signed/unsigned mismatch
       Link:
         C:\Program Files (x86)\Microsoft Visual Studio 10.0\VC\bin\link.exe /ERRORREPORT:PROMPT /OUT:"C:\Users\Jason\Documents\Visual Studio 2010\Projects\Aard\Aard\Aard.exe" /NOLOGO tmx.lib libxml2.lib iconv.lib iconv_a.lib zlibd.lib zlibstaticd.lib SDL2.lib chipmunk.lib jansson_d.lib "glib-2.0.lib" SDL2main.lib SDL2_image.lib SDL2_ttf.lib SDL2_mixer.lib kernel32.lib user32.lib gdi32.lib winspool.lib comdlg32.lib advapi32.lib shell32.lib ole32.lib oleaut32.lib uuid.lib odbc32.lib odbccp32.lib /MANIFEST /ManifestFile:"Debug\Aard.exe.intermediate.manifest" /MANIFESTUAC:"level='asInvoker' uiAccess='false'" /DEBUG /PDB:"C:\Users\Jason\Documents\Visual Studio 2010\Projects\Aard\Aard\Aard.pdb" /SUBSYSTEM:CONSOLE /TLBID:1 /DYNAMICBASE /NXCOMPAT /IMPLIB:"C:\Users\Jason\Documents\Visual Studio 2010\Projects\Aard\Aard\Aard.lib" /MACHINE:X86 Debug\camera.obj
         Debug\chipmunkPhys.obj
         Debug\entity.obj
         Debug\game.obj
         Debug\globals.obj
         Debug\graphic.obj
         Debug\key_input.obj
         Debug\map.obj
         Debug\player.obj
         Debug\sprite.obj
         Debug\vector.obj
         LINK : C:\Users\Jason\Documents\Visual Studio 2010\Projects\Aard\Aard\Aard.exe not found or not built by the last incremental link; performing full link
         Aard.vcxproj -> C:\Users\Jason\Documents\Visual Studio 2010\Projects\Aard\Aard\Aard.exe
       Manifest:
         C:\Program Files (x86)\Microsoft SDKs\Windows\v7.0A\bin\mt.exe /nologo /verbose /outputresource:"C:\Users\Jason\Documents\Visual Studio 2010\Projects\Aard\Aard\Aard.exe;#1" /manifest Debug\Aard.exe.intermediate.manifest
       FinalizeBuildStatus:
         Deleting file "Debug\Aard.unsuccessfulbuild".
         Touching "Debug\Aard.lastbuildstate".
     1>Done Building Project "C:\Users\Jason\Documents\Visual Studio 2010\Projects\Aard\Aard\Aard.vcxproj" (build target(s)).

Build succeeded.

Time Elapsed 00:00:01.27
