C:\USERS\JASON\DOCUMENTS\VISUAL STUDIO 2010\PROJECTS\AARD\AARD\DEBUG\AARD.EXE.INTERMEDIATE.MANIFEST
c:\Users\Jason\documents\visual studio 2010\Projects\Aard\Aard\Debug\Aard.vcxprojResolveAssemblyReference.cache
c:\Users\Jason\documents\visual studio 2010\Projects\Aard\Aard\Debug\Aard.write.1.tlog
c:\Users\Jason\documents\visual studio 2010\Projects\Aard\Aard\Debug\cl.command.1.tlog
c:\Users\Jason\documents\visual studio 2010\Projects\Aard\Aard\Debug\CL.read.1.tlog
c:\Users\Jason\documents\visual studio 2010\Projects\Aard\Aard\Debug\CL.write.1.tlog
C:\USERS\JASON\DOCUMENTS\VISUAL STUDIO 2010\PROJECTS\AARD\AARD\DEBUG\ENTITY.OBJ
C:\USERS\JASON\DOCUMENTS\VISUAL STUDIO 2010\PROJECTS\AARD\AARD\DEBUG\GAME.OBJ
C:\USERS\JASON\DOCUMENTS\VISUAL STUDIO 2010\PROJECTS\AARD\AARD\DEBUG\GLOBALS.OBJ
C:\USERS\JASON\DOCUMENTS\VISUAL STUDIO 2010\PROJECTS\AARD\AARD\DEBUG\GRAPHIC.OBJ
C:\USERS\JASON\DOCUMENTS\VISUAL STUDIO 2010\PROJECTS\AARD\AARD\DEBUG\KEY_INPUT.OBJ
c:\Users\Jason\documents\visual studio 2010\Projects\Aard\Aard\Debug\link.command.1.tlog
c:\Users\Jason\documents\visual studio 2010\Projects\Aard\Aard\Debug\link.read.1.tlog
c:\Users\Jason\documents\visual studio 2010\Projects\Aard\Aard\Debug\link.write.1.tlog
c:\Users\Jason\documents\visual studio 2010\Projects\Aard\Aard\Debug\mt.command.1.tlog
c:\Users\Jason\documents\visual studio 2010\Projects\Aard\Aard\Debug\mt.read.1.tlog
c:\Users\Jason\documents\visual studio 2010\Projects\Aard\Aard\Debug\mt.write.1.tlog
C:\USERS\JASON\DOCUMENTS\VISUAL STUDIO 2010\PROJECTS\AARD\AARD\DEBUG\PLAYER.OBJ
C:\USERS\JASON\DOCUMENTS\VISUAL STUDIO 2010\PROJECTS\AARD\AARD\DEBUG\SPRITE.OBJ
c:\Users\Jason\documents\visual studio 2010\Projects\Aard\Aard\Debug\vc100.idb
C:\USERS\JASON\DOCUMENTS\VISUAL STUDIO 2010\PROJECTS\AARD\AARD\DEBUG\VC100.PDB
C:\USERS\JASON\DOCUMENTS\VISUAL STUDIO 2010\PROJECTS\AARD\AARD\DEBUG\VECTOR.OBJ
C:\USERS\JASON\DOCUMENTS\VISUAL STUDIO 2010\PROJECTS\AARD\DEBUG\AARD.EXE
C:\USERS\JASON\DOCUMENTS\VISUAL STUDIO 2010\PROJECTS\AARD\DEBUG\AARD.ILK
C:\USERS\JASON\DOCUMENTS\VISUAL STUDIO 2010\PROJECTS\AARD\DEBUG\AARD.PDB
